Attrition;BusinessTravel;DailyRate;Department;DistanceFromHome;Education;EducationField;EmployeeNumber;EnvironmentSatisfaction;Gender;HourlyRate;JobInvolvement;JobLevel;JobRole;JobSatisfaction;MaritalStatus;MonthlyIncome;MonthlyRate;NumCompaniesWorked;OverTime;PercentSalaryHike;PerformanceRating;RelationshipSatisfaction;StockOptionLevel;TotalWorkingYears;TrainingTimesLastYear;WorkLifeBalance;YearsAtCompany;YearsInCurrentRole;YearsSinceLastPromotion;YearsWithCurrManager;﻿Age;load_date;error_count;error_desc;error_column;error_code
Yes;Rarely;230;Research & Development;3;3              ;Life Sciences;405;3              ;Male;54;3              ;1              ;Laboratory Technician;3              ;Single;1420;25233;1;No;13;3              ;3              ;0              ;0;2;3              ;0;0;0;0;18;2026/05/23 17:54:49.000000000;1;
During validation of field '﻿Age' we found that value [18] is lower than the specified minimum [19]
;﻿Age;KVD005
No;Rarely;812;Sales;10;3              ;Medical;411;4              ;Female;69;2              ;1              ;Sales Representative;3              ;Single;1200;9724;1;No;12;3              ;1              ;0              ;0;2;3              ;0;0;0;0;18;2026/05/23 17:54:49.000000000;1;
During validation of field '﻿Age' we found that value [18] is lower than the specified minimum [19]
;﻿Age;KVD005
Yes;Frequently;1306;Sales;5;3              ;Marketing;614;2              ;Male;69;3              ;1              ;Sales Representative;2              ;Single;1878;8059;1;Yes;14;3              ;4              ;0              ;0;3;3              ;0;0;0;0;18;2026/05/23 17:54:49.000000000;1;
During validation of field '﻿Age' we found that value [18] is lower than the specified minimum [19]
;﻿Age;KVD005
No;Non-Travel;287;Research & Development;5;2              ;Life Sciences;1012;2              ;Male;73;3              ;1              ;Research Scientist;4              ;Single;1051;13493;1;No;15;3              ;4              ;0              ;0;2;3              ;0;0;0;0;18;2026/05/23 17:54:49.000000000;1;
During validation of field '﻿Age' we found that value [18] is lower than the specified minimum [19]
;﻿Age;KVD005
Yes;Non-Travel;247;Research & Development;8;1              ;Medical;1156;3              ;Male;80;3              ;1              ;Laboratory Technician;3              ;Single;1904;13556;1;No;12;3              ;4              ;0              ;0;0;3              ;0;0;0;0;18;2026/05/23 17:54:49.000000000;1;
During validation of field '﻿Age' we found that value [18] is lower than the specified minimum [19]
;﻿Age;KVD005
No;Non-Travel;1124;Research & Development;1;3              ;Life Sciences;1368;4              ;Female;97;3              ;1              ;Laboratory Technician;4              ;Single;1611;19305;1;No;15;3              ;3              ;0              ;0;5;4              ;0;0;0;0;18;2026/05/23 17:54:49.000000000;1;
During validation of field '﻿Age' we found that value [18] is lower than the specified minimum [19]
;﻿Age;KVD005
Yes;Frequently;544;Sales;3;2              ;Medical;1624;2              ;Female;70;3              ;1              ;Sales Representative;4              ;Single;1569;18420;1;Yes;12;3              ;3              ;0              ;0;2;4              ;0;0;0;0;18;2026/05/23 17:54:49.000000000;1;
During validation of field '﻿Age' we found that value [18] is lower than the specified minimum [19]
;﻿Age;KVD005
No;Non-Travel;1431;Research & Development;14;3              ;Medical;1839;2              ;Female;33;3              ;1              ;Research Scientist;3              ;Single;1514;8018;1;No;16;3              ;3              ;0              ;0;4;1              ;0;0;0;0;18;2026/05/23 17:54:49.000000000;1;
During validation of field '﻿Age' we found that value [18] is lower than the specified minimum [19]
;﻿Age;KVD005
